make[2]: *** No rule to make target '/usr/local/bin/gtsam', needed by 'isam_test'.  Stop.
make[1]: *** [CMakeFiles/Makefile2:78: CMakeFiles/isam_test.dir/all] Error 2
make: *** [Makefile:141: all] Error 2
