[0.294s] Invoking command in '/home/andrewwhong/classes/16833/iSAM2_SLAM/workspace/build/eufs_msgs': CMAKE_PREFIX_PATH=${CMAKE_PREFIX_PATH}:/home/andrewwhong/classes/16833/iSAM2_SLAM/eufs/install/eufs_launcher:/home/andrewwhong/classes/16833/iSAM2_SLAM/eufs/install/eufs_tracks:/home/andrewwhong/classes/16833/iSAM2_SLAM/eufs/install/eufs_rqt:/home/andrewwhong/classes/16833/iSAM2_SLAM/eufs/install/eufs_racecar:/opt/ros/foxy /usr/bin/cmake --build /home/andrewwhong/classes/16833/iSAM2_SLAM/workspace/build/eufs_msgs -- -j12 -l12
[0.896s] [  0%] Built target eufs_msgs__cpp
[0.982s] [ 12%] Built target eufs_msgs__rosidl_generator_c
[1.009s] [ 24%] Built target eufs_msgs__rosidl_typesupport_cpp
[1.025s] [ 37%] Built target eufs_msgs__rosidl_typesupport_introspection_cpp
[1.073s] [ 49%] Built target eufs_msgs__rosidl_typesupport_fastrtps_cpp
[1.113s] [ 69%] Built target eufs_msgs__rosidl_typesupport_c
[1.114s] [ 75%] Built target eufs_msgs__rosidl_typesupport_introspection_c
[1.253s] [ 88%] Built target eufs_msgs__rosidl_typesupport_fastrtps_c
[1.349s] [ 88%] Built target eufs_msgs
[1.470s] [ 88%] Built target eufs_msgs__py
[1.641s] [100%] Built target eufs_msgs__python
[1.727s] [100%] Built target eufs_msgs__rosidl_typesupport_fastrtps_c__pyext
[1.727s] [100%] Built target eufs_msgs__rosidl_typesupport_c__pyext
[1.727s] [100%] Built target eufs_msgs__rosidl_typesupport_introspection_c__pyext
[1.764s] Invoked command in '/home/andrewwhong/classes/16833/iSAM2_SLAM/workspace/build/eufs_msgs' returned '0': CMAKE_PREFIX_PATH=${CMAKE_PREFIX_PATH}:/home/andrewwhong/classes/16833/iSAM2_SLAM/eufs/install/eufs_launcher:/home/andrewwhong/classes/16833/iSAM2_SLAM/eufs/install/eufs_tracks:/home/andrewwhong/classes/16833/iSAM2_SLAM/eufs/install/eufs_rqt:/home/andrewwhong/classes/16833/iSAM2_SLAM/eufs/install/eufs_racecar:/opt/ros/foxy /usr/bin/cmake --build /home/andrewwhong/classes/16833/iSAM2_SLAM/workspace/build/eufs_msgs -- -j12 -l12
[2.971s] Traceback (most recent call last):
  File "/usr/lib/python3/dist-packages/colcon_parallel_executor/executor/parallel.py", line 75, in execute
    loop.run_until_complete(future)
  File "/usr/lib/python3.8/asyncio/base_events.py", line 603, in run_until_complete
    self.run_forever()
  File "/usr/lib/python3.8/asyncio/base_events.py", line 570, in run_forever
    self._run_once()
  File "/usr/lib/python3.8/asyncio/base_events.py", line 1823, in _run_once
    event_list = self._selector.select(timeout)
  File "/usr/lib/python3.8/selectors.py", line 468, in select
    fd_event_list = self._selector.poll(timeout, max_ev)
KeyboardInterrupt

During handling of the above exception, another exception occurred:

Traceback (most recent call last):
  File "/usr/lib/python3/dist-packages/colcon_core/executor/__init__.py", line 91, in __call__
    rc = await self.task(*args, **kwargs)
  File "/usr/lib/python3/dist-packages/colcon_core/task/__init__.py", line 93, in __call__
    return await task_method(*args, **kwargs)
  File "/usr/lib/python3/dist-packages/colcon_ros/task/ament_cmake/build.py", line 59, in build
    rc = await extension.build(
  File "/usr/lib/python3/dist-packages/colcon_cmake/task/cmake/build.py", line 110, in build
    if await has_target(args.build_base, 'install'):
  File "/usr/lib/python3/dist-packages/colcon_cmake/task/cmake/__init__.py", line 57, in has_target
    return target in await get_makefile_targets(path)
  File "/usr/lib/python3/dist-packages/colcon_cmake/task/cmake/__init__.py", line 77, in get_makefile_targets
    output = await check_output([
  File "/usr/lib/python3/dist-packages/colcon_core/subprocess.py", line 129, in check_output
    assert not rc, f'Expected {args} to pass: {stderr_data}'
AssertionError: Expected ['/usr/bin/cmake', '--build', '/home/andrewwhong/classes/16833/iSAM2_SLAM/workspace/build/eufs_msgs', '--target', 'help'] to pass: make: *** wait: No child processes.  Stop.
make: *** Waiting for unfinished jobs....
make: *** wait: No child processes.  Stop.

