[0.000000] (-) TimerEvent: {}
[0.001576] (eufs_msgs) JobQueued: {'identifier': 'eufs_msgs', 'dependencies': OrderedDict()}
[0.002413] (isam2) JobQueued: {'identifier': 'isam2', 'dependencies': OrderedDict([('eufs_msgs', '/home/andrewwhong/classes/16833/iSAM2_SLAM/workspace/install/eufs_msgs')])}
[0.003331] (eufs_msgs) JobStarted: {'identifier': 'eufs_msgs'}
[0.100969] (-) TimerEvent: {}
[0.202661] (-) TimerEvent: {}
[0.276220] (eufs_msgs) JobProgress: {'identifier': 'eufs_msgs', 'progress': 'cmake'}
[0.286056] (eufs_msgs) JobProgress: {'identifier': 'eufs_msgs', 'progress': 'build'}
[0.286540] (eufs_msgs) Command: {'cmd': ['/usr/bin/cmake', '--build', '/home/andrewwhong/classes/16833/iSAM2_SLAM/workspace/build/eufs_msgs', '--', '-j12', '-l12'], 'cwd': '/home/andrewwhong/classes/16833/iSAM2_SLAM/workspace/build/eufs_msgs', 'env': OrderedDict([('LESSOPEN', '| /usr/bin/lesspipe %s'), ('USER', 'andrewwhong'), ('SHLVL', '1'), ('LD_LIBRARY_PATH', '/home/andrewwhong/classes/16833/iSAM2_SLAM/eufs/install/eufs_rviz_plugins/lib:/home/andrewwhong/classes/16833/iSAM2_SLAM/eufs/install/eufs_plugins/lib:/home/andrewwhong/classes/16833/iSAM2_SLAM/eufs/install/eufs_models/lib:/home/andrewwhong/classes/16833/iSAM2_SLAM/eufs/install/eufs_msgs/lib:/home/andrewwhong/classes/16833/iSAM2_SLAM/workspace/install/eufs_msgs/lib:/usr/lib/x86_64-linux-gnu/gazebo-11/plugins:/opt/ros/foxy/opt/yaml_cpp_vendor/lib:/opt/ros/foxy/opt/rviz_ogre_vendor/lib:/opt/ros/foxy/lib/x86_64-linux-gnu:/opt/ros/foxy/lib'), ('HOME', '/home/andrewwhong'), ('OLDPWD', '/home/andrewwhong/classes/16833/iSAM2_SLAM'), ('TERM_PROGRAM_VERSION', '1.84.2'), ('VSCODE_IPC_HOOK_CLI', '/run/user/1000/vscode-ipc-c67907dd-7abd-4150-8577-2b55624ff41e.sock'), ('ROS_PYTHON_VERSION', '3'), ('GOROOT', '/home/andrewwhong/go/go'), ('DBUS_SESSION_BUS_ADDRESS', 'unix:path=/run/user/1000/bus'), ('COLORTERM', 'truecolor'), ('WSL_DISTRO_NAME', 'Ubuntu-20.04'), ('WAYLAND_DISPLAY', 'wayland-0'), ('COLCON_PREFIX_PATH', '/home/andrewwhong/classes/16833/iSAM2_SLAM/workspace/install:/home/andrewwhong/classes/16833/iSAM2_SLAM/eufs/install'), ('ROS_DISTRO', 'foxy'), ('LOGNAME', 'andrewwhong'), ('NAME', 'DESKTOP-NJ9IVDT'), ('WSL_INTEROP', '/run/WSL/682_interop'), ('PULSE_SERVER', 'unix:/mnt/wslg/PulseServer'), ('EUFS_MASTER', '/home/andrewwhong/classes/16833/iSAM2_SLAM/eufs/eufs_msgs'), ('_', '/usr/bin/colcon'), ('ROS_VERSION', '2'), ('TERM', 'xterm-256color'), ('ROS_LOCALHOST_ONLY', '0'), ('PATH', '/opt/ros/foxy/bin:/home/andrewwhong/.vscode-server/bin/1a5daa3a0231a0fbba4f14db7ec463cf99d7768e/bin/remote-cli:/home/andrewwhong/go/go/bin:/usr/local/sbin:/usr/local/bin:/usr/sbin:/usr/bin:/sbin:/bin:/usr/games:/usr/local/games:/usr/lib/wsl/lib:/mnt/c/Program Files/NVIDIA GPU Computing Toolkit/CUDA/v12.2/bin:/mnt/c/Program Files/NVIDIA GPU Computing Toolkit/CUDA/v12.2/libnvvp:/mnt/c/Program Files (x86)/VMware/VMware Workstation/bin/:/mnt/c/Program Files (x86)/NVIDIA Corporation/PhysX/Common:/mnt/c/Program Files/NVIDIA GPU Computing Toolkit/CUDA/v11.5/bin:/mnt/c/Program Files/NVIDIA GPU Computing Toolkit/CUDA/v11.5/libnvvp:/mnt/c/Program Files (x86)/Common Files/Oracle/Java/javapath:/mnt/c/Windows/system32:/mnt/c/Windows:/mnt/c/Windows/System32/Wbem:/mnt/c/Windows/System32/WindowsPowerShell/v1.0/:/mnt/c/Windows/System32/OpenSSH/:/mnt/c/Program Files/NVIDIA Corporation/NVIDIA NvDLISR:/mnt/c/Program Files/Wolfram Research/WolframScript/:/mnt/c/Program Files/Microsoft SQL Server/Client SDK/ODBC/110/Tools/Binn/:/mnt/c/Program Files (x86)/Microsoft SQL Server/120/Tools/Binn/:/mnt/c/Program Files/Microsoft SQL Server/120/Tools/Binn/:/mnt/c/Program Files/Microsoft SQL Server/120/DTS/Binn/:/mnt/c/Program Files (x86)/Windows Kits/8.1/Windows Performance Toolkit/:/mnt/c/Program Files/MATLAB/R2022b/runtime/win64:/mnt/c/Program Files/MATLAB/R2022b/bin:/mnt/c/Program Files/MATLAB/R2021b/runtime/win64:/mnt/c/Program Files/MATLAB/R2021b/bin:/mnt/c/Program Files/MATLAB/R2021a/bin:/mnt/c/Program Files/dotnet/:/mnt/c/WINDOWS/system32:/mnt/c/WINDOWS:/mnt/c/WINDOWS/System32/Wbem:/mnt/c/WINDOWS/System32/WindowsPowerShell/v1.0/:/mnt/c/WINDOWS/System32/OpenSSH/:/mnt/c/Program Files/TortoiseSVN/bin:/mnt/c/Program Files/Docker/Docker/resources/bin:/mnt/c/Program Files/Common Files/Autodesk Shared/:/mnt/c/ProgramData/chocolatey/bin:/mnt/c/Program Files/Git/cmd:/mnt/c/Program Files/WireGuard/:/mnt/c/Program Files/PuTTY/:/mnt/c/Users/Andrew Chong/AppData/Local/Programs/Python/Python39:/mnt/c/Program Files/NVIDIA Corporation/Nsight Compute 2023.2.2/:/mnt/c/Users/Andrew Chong/AppData/Local/Programs/Python/Python39/Scripts/:/mnt/c/Users/Andrew Chong/AppData/Local/Programs/Python/Python39/:/mnt/c/Users/Andrew Chong/AppData/Local/Microsoft/WindowsApps:/mnt/c/Users/Andrew Chong/AppData/Local/Programs/Microsoft VS Code/bin:/mnt/c/ProgramData/Andrew Chong/GitHubDesktop/bin:/mnt/c/Program Files/CMake/bin:/mnt/c/Users/Andrew Chong/AppData/Local/GitHubDesktop/bin:/mnt/c/msys64/mingw64/bin:/mnt/c/Users/Andrew Chong/AppData/Local/JetBrains/Toolbox/scripts:/snap/bin'), ('XDG_RUNTIME_DIR', '/run/user/1000/'), ('DISPLAY', '172.19.96.1:0.0'), ('LANG', 'en_US.UTF-8'), ('LS_COLORS', 'rs=0:di=01;34:ln=01;36:mh=00:pi=40;33:so=01;35:do=01;35:bd=40;33;01:cd=40;33;01:or=40;31;01:mi=00:su=37;41:sg=30;43:ca=30;41:tw=30;42:ow=34;42:st=37;44:ex=01;32:*.tar=01;31:*.tgz=01;31:*.arc=01;31:*.arj=01;31:*.taz=01;31:*.lha=01;31:*.lz4=01;31:*.lzh=01;31:*.lzma=01;31:*.tlz=01;31:*.txz=01;31:*.tzo=01;31:*.t7z=01;31:*.zip=01;31:*.z=01;31:*.dz=01;31:*.gz=01;31:*.lrz=01;31:*.lz=01;31:*.lzo=01;31:*.xz=01;31:*.zst=01;31:*.tzst=01;31:*.bz2=01;31:*.bz=01;31:*.tbz=01;31:*.tbz2=01;31:*.tz=01;31:*.deb=01;31:*.rpm=01;31:*.jar=01;31:*.war=01;31:*.ear=01;31:*.sar=01;31:*.rar=01;31:*.alz=01;31:*.ace=01;31:*.zoo=01;31:*.cpio=01;31:*.7z=01;31:*.rz=01;31:*.cab=01;31:*.wim=01;31:*.swm=01;31:*.dwm=01;31:*.esd=01;31:*.jpg=01;35:*.jpeg=01;35:*.mjpg=01;35:*.mjpeg=01;35:*.gif=01;35:*.bmp=01;35:*.pbm=01;35:*.pgm=01;35:*.ppm=01;35:*.tga=01;35:*.xbm=01;35:*.xpm=01;35:*.tif=01;35:*.tiff=01;35:*.png=01;35:*.svg=01;35:*.svgz=01;35:*.mng=01;35:*.pcx=01;35:*.mov=01;35:*.mpg=01;35:*.mpeg=01;35:*.m2v=01;35:*.mkv=01;35:*.webm=01;35:*.ogm=01;35:*.mp4=01;35:*.m4v=01;35:*.mp4v=01;35:*.vob=01;35:*.qt=01;35:*.nuv=01;35:*.wmv=01;35:*.asf=01;35:*.rm=01;35:*.rmvb=01;35:*.flc=01;35:*.avi=01;35:*.fli=01;35:*.flv=01;35:*.gl=01;35:*.dl=01;35:*.xcf=01;35:*.xwd=01;35:*.yuv=01;35:*.cgm=01;35:*.emf=01;35:*.ogv=01;35:*.ogx=01;35:*.aac=00;36:*.au=00;36:*.flac=00;36:*.m4a=00;36:*.mid=00;36:*.midi=00;36:*.mka=00;36:*.mp3=00;36:*.mpc=00;36:*.ogg=00;36:*.ra=00;36:*.wav=00;36:*.oga=00;36:*.opus=00;36:*.spx=00;36:*.xspf=00;36:'), ('VSCODE_GIT_IPC_HANDLE', '/run/user/1000/vscode-git-6be0b5ed08.sock'), ('TERM_PROGRAM', 'vscode'), ('AMENT_PREFIX_PATH', '/home/andrewwhong/classes/16833/iSAM2_SLAM/eufs/install/eufs_launcher:/home/andrewwhong/classes/16833/iSAM2_SLAM/eufs/install/eufs_tracks:/home/andrewwhong/classes/16833/iSAM2_SLAM/eufs/install/eufs_sensors:/home/andrewwhong/classes/16833/iSAM2_SLAM/eufs/install/eufs_rviz_plugins:/home/andrewwhong/classes/16833/iSAM2_SLAM/eufs/install/eufs_rqt:/home/andrewwhong/classes/16833/iSAM2_SLAM/eufs/install/eufs_racecar:/home/andrewwhong/classes/16833/iSAM2_SLAM/eufs/install/eufs_plugins:/home/andrewwhong/classes/16833/iSAM2_SLAM/eufs/install/eufs_models:/home/andrewwhong/classes/16833/iSAM2_SLAM/eufs/install/eufs_msgs:/home/andrewwhong/classes/16833/iSAM2_SLAM/workspace/install/isam2:/home/andrewwhong/classes/16833/iSAM2_SLAM/workspace/install/eufs_msgs:/opt/ros/foxy'), ('SHELL', '/bin/bash'), ('GTSAM_INCLUDE_DIR', '/usr/local/include/gtsam'), ('LESSCLOSE', '/usr/bin/lesspipe %s %s'), ('PWD', '/home/andrewwhong/classes/16833/iSAM2_SLAM/workspace/build/eufs_msgs'), ('XDG_DATA_DIRS', '/usr/local/share:/usr/share:/var/lib/snapd/desktop'), ('PYTHONPATH', '/home/andrewwhong/classes/16833/iSAM2_SLAM/eufs/build/eufs_launcher/src:/home/andrewwhong/classes/16833/iSAM2_SLAM/eufs/build/eufs_tracks:/home/andrewwhong/classes/16833/iSAM2_SLAM/eufs/build/eufs_racecar:/home/andrewwhong/classes/16833/iSAM2_SLAM/eufs/install/eufs_launcher/lib/python3.8/site-packages:/home/andrewwhong/classes/16833/iSAM2_SLAM/eufs/install/eufs_tracks/lib/python3.8/site-packages:/home/andrewwhong/classes/16833/iSAM2_SLAM/eufs/install/eufs_rqt/lib/python3.8/site-packages:/home/andrewwhong/classes/16833/iSAM2_SLAM/eufs/install/eufs_racecar/lib/python3.8/site-packages:/home/andrewwhong/classes/16833/iSAM2_SLAM/eufs/install/eufs_msgs/lib/python3.8/site-packages:/home/andrewwhong/classes/16833/iSAM2_SLAM/workspace/install/eufs_msgs/lib/python3.8/site-packages:/opt/ros/foxy/lib/python3.8/site-packages'), ('COLCON', '1'), ('WSL2_GUI_APPS_ENABLED', '1'), ('HOSTTYPE', 'x86_64'), ('CMAKE_PREFIX_PATH', '/home/andrewwhong/classes/16833/iSAM2_SLAM/eufs/install/eufs_sensors:/home/andrewwhong/classes/16833/iSAM2_SLAM/eufs/install/eufs_rviz_plugins:/home/andrewwhong/classes/16833/iSAM2_SLAM/eufs/install/eufs_plugins:/home/andrewwhong/classes/16833/iSAM2_SLAM/eufs/install/eufs_models:/home/andrewwhong/classes/16833/iSAM2_SLAM/eufs/install/eufs_msgs:/home/andrewwhong/classes/16833/iSAM2_SLAM/workspace/install/isam2:/home/andrewwhong/classes/16833/iSAM2_SLAM/workspace/install/eufs_msgs:/home/andrewwhong/classes/16833/iSAM2_SLAM/eufs/install/eufs_launcher:/home/andrewwhong/classes/16833/iSAM2_SLAM/eufs/install/eufs_tracks:/home/andrewwhong/classes/16833/iSAM2_SLAM/eufs/install/eufs_rqt:/home/andrewwhong/classes/16833/iSAM2_SLAM/eufs/install/eufs_racecar:/opt/ros/foxy'), ('WSLENV', 'VSCODE_WSL_EXT_LOCATION/up')]), 'shell': False}
[0.302867] (-) TimerEvent: {}
[0.403639] (-) TimerEvent: {}
[0.504225] (-) TimerEvent: {}
[0.604787] (-) TimerEvent: {}
[0.705300] (-) TimerEvent: {}
[0.805784] (-) TimerEvent: {}
[0.899346] (eufs_msgs) StdoutLine: {'line': b'[  0%] Built target eufs_msgs__cpp\n'}
[0.905974] (-) TimerEvent: {}
[0.985069] (eufs_msgs) StdoutLine: {'line': b'[ 12%] Built target eufs_msgs__rosidl_generator_c\n'}
[1.006211] (-) TimerEvent: {}
[1.012404] (eufs_msgs) StdoutLine: {'line': b'[ 24%] Built target eufs_msgs__rosidl_typesupport_cpp\n'}
[1.027699] (eufs_msgs) StdoutLine: {'line': b'[ 37%] Built target eufs_msgs__rosidl_typesupport_introspection_cpp\n'}
[1.075996] (eufs_msgs) StdoutLine: {'line': b'[ 49%] Built target eufs_msgs__rosidl_typesupport_fastrtps_cpp\n'}
[1.106389] (-) TimerEvent: {}
[1.116383] (eufs_msgs) StdoutLine: {'line': b'[ 69%] Built target eufs_msgs__rosidl_typesupport_c\n'}
[1.117128] (eufs_msgs) StdoutLine: {'line': b'[ 75%] Built target eufs_msgs__rosidl_typesupport_introspection_c\n'}
[1.206648] (-) TimerEvent: {}
[1.256514] (eufs_msgs) StdoutLine: {'line': b'[ 88%] Built target eufs_msgs__rosidl_typesupport_fastrtps_c\n'}
[1.307546] (-) TimerEvent: {}
[1.351889] (eufs_msgs) StdoutLine: {'line': b'[ 88%] Built target eufs_msgs\n'}
[1.407726] (-) TimerEvent: {}
[1.472617] (eufs_msgs) StdoutLine: {'line': b'[ 88%] Built target eufs_msgs__py\n'}
[1.507901] (-) TimerEvent: {}
[1.608439] (-) TimerEvent: {}
[1.644588] (eufs_msgs) StdoutLine: {'line': b'[100%] Built target eufs_msgs__python\n'}
[1.708589] (-) TimerEvent: {}
[1.729821] (eufs_msgs) StdoutLine: {'line': b'[100%] Built target eufs_msgs__rosidl_typesupport_fastrtps_c__pyext\n'}
[1.730487] (eufs_msgs) StdoutLine: {'line': b'[100%] Built target eufs_msgs__rosidl_typesupport_c__pyext\n'}
[1.730741] (eufs_msgs) StdoutLine: {'line': b'[100%] Built target eufs_msgs__rosidl_typesupport_introspection_c__pyext\n'}
[1.766410] (eufs_msgs) CommandEnded: {'returncode': 0}
[1.808840] (-) TimerEvent: {}
[1.909502] (-) TimerEvent: {}
[2.010462] (-) TimerEvent: {}
[2.110949] (-) TimerEvent: {}
[2.212402] (-) TimerEvent: {}
[2.315412] (-) TimerEvent: {}
[2.417611] (-) TimerEvent: {}
[2.519440] (-) TimerEvent: {}
[2.620146] (-) TimerEvent: {}
[2.721323] (-) TimerEvent: {}
[2.836417] (-) TimerEvent: {}
[2.938762] (-) TimerEvent: {}
[2.973780] (eufs_msgs) StderrLine: {'line': b'Traceback (most recent call last):\n  File "/usr/lib/python3/dist-packages/colcon_parallel_executor/executor/parallel.py", line 75, in execute\n    loop.run_until_complete(future)\n  File "/usr/lib/python3.8/asyncio/base_events.py", line 603, in run_until_complete\n    self.run_forever()\n  File "/usr/lib/python3.8/asyncio/base_events.py", line 570, in run_forever\n    self._run_once()\n  File "/usr/lib/python3.8/asyncio/base_events.py", line 1823, in _run_once\n    event_list = self._selector.select(timeout)\n  File "/usr/lib/python3.8/selectors.py", line 468, in select\n    fd_event_list = self._selector.poll(timeout, max_ev)\nKeyboardInterrupt\n\nDuring handling of the above exception, another exception occurred:\n\nTraceback (most recent call last):\n  File "/usr/lib/python3/dist-packages/colcon_core/executor/__init__.py", line 91, in __call__\n    rc = await self.task(*args, **kwargs)\n  File "/usr/lib/python3/dist-packages/colcon_core/task/__init__.py", line 93, in __call__\n    return await task_method(*args, **kwargs)\n  File "/usr/lib/python3/dist-packages/colcon_ros/task/ament_cmake/build.py", line 59, in build\n    rc = await extension.build(\n  File "/usr/lib/python3/dist-packages/colcon_cmake/task/cmake/build.py", line 110, in build\n    if await has_target(args.build_base, \'install\'):\n  File "/usr/lib/python3/dist-packages/colcon_cmake/task/cmake/__init__.py", line 57, in has_target\n    return target in await get_makefile_targets(path)\n  File "/usr/lib/python3/dist-packages/colcon_cmake/task/cmake/__init__.py", line 77, in get_makefile_targets\n    output = await check_output([\n  File "/usr/lib/python3/dist-packages/colcon_core/subprocess.py", line 129, in check_output\n    assert not rc, f\'Expected {args} to pass: {stderr_data}\'\nAssertionError: Expected [\'/usr/bin/cmake\', \'--build\', \'/home/andrewwhong/classes/16833/iSAM2_SLAM/workspace/build/eufs_msgs\', \'--target\', \'help\'] to pass: make: *** wait: No child processes.  Stop.\nmake: *** Waiting for unfinished jobs....\nmake: *** wait: No child processes.  Stop.\n\n'}
[2.974402] (eufs_msgs) JobEnded: {'identifier': 'eufs_msgs', 'rc': 'SIGINT'}
[2.985611] (isam2) JobSkipped: {'identifier': 'isam2'}
[2.985900] (-) EventReactorShutdown: {}
