[0.764s] Invoking command in '/home/andrewwhong/classes/16833/iSAM2_SLAM/workspace/build/eufs_msgs': CMAKE_PREFIX_PATH=/opt/ros/foxy /usr/bin/cmake /home/andrewwhong/classes/16833/iSAM2_SLAM/workspace/src/eufs_msgs -DCMAKE_INSTALL_PREFIX=/home/andrewwhong/classes/16833/iSAM2_SLAM/workspace/install/eufs_msgs
[3.556s] -- The C compiler identification is GNU 9.4.0
[5.775s] -- The CXX compiler identification is GNU 9.4.0
[6.641s] -- Check for working C compiler: /usr/bin/cc
[7.670s] -- Check for working C compiler: /usr/bin/cc -- works
[7.689s] -- Detecting C compiler ABI info
[8.799s] -- Detecting C compiler ABI info - done
[8.848s] -- Detecting C compile features
[8.849s] -- Detecting C compile features - done
[8.869s] -- Check for working CXX compiler: /usr/bin/c++
[10.135s] -- Check for working CXX compiler: /usr/bin/c++ -- works
[10.137s] -- Detecting CXX compiler ABI info
[11.289s] -- Detecting CXX compiler ABI info - done
[11.306s] -- Detecting CXX compile features
[11.307s] -- Detecting CXX compile features - done
[11.384s] -- Found ament_cmake: 0.9.12 (/opt/ros/foxy/share/ament_cmake/cmake)
[11.602s] -- Found PythonInterp: /usr/local/bin/python3 (found suitable version "3.11.6", minimum required is "3") 
[11.602s] -- Using PYTHON_EXECUTABLE: /usr/local/bin/python3
[13.003s] -- Found rosidl_default_generators: 1.0.1 (/opt/ros/foxy/share/rosidl_default_generators/cmake)
[13.042s] -- Using all available rosidl_typesupport_c: rosidl_typesupport_fastrtps_c;rosidl_typesupport_introspection_c
[13.109s] -- Found rosidl_adapter: 1.3.1 (/opt/ros/foxy/share/rosidl_adapter/cmake)
[21.180s] -- Found OpenSSL: /usr/lib/x86_64-linux-gnu/libcrypto.so (found version "1.1.1f")  
[27.699s] -- Found FastRTPS: /opt/ros/foxy/include  
[41.661s] -- Using all available rosidl_typesupport_cpp: rosidl_typesupport_fastrtps_cpp;rosidl_typesupport_introspection_cpp
[41.801s] -- Found std_msgs: 2.0.5 (/opt/ros/foxy/share/std_msgs/cmake)
[42.007s] -- Found geometry_msgs: 2.0.5 (/opt/ros/foxy/share/geometry_msgs/cmake)
[42.111s] -- Found sensor_msgs: 2.0.5 (/opt/ros/foxy/share/sensor_msgs/cmake)
[42.571s] -- Found PythonInterp: /usr/local/bin/python3 (found version "3.11.6") 
[42.846s] CMake Error at /opt/ros/foxy/share/rosidl_adapter/cmake/rosidl_adapt_interfaces.cmake:60 (message):
[42.846s]   execute_process(/usr/local/bin/python3 -m rosidl_adapter --package-name
[42.846s]   eufs_msgs --arguments-file
[42.847s]   /home/andrewwhong/classes/16833/iSAM2_SLAM/workspace/build/eufs_msgs/rosidl_adapter__arguments__eufs_msgs.json
[42.847s]   --output-dir
[42.847s]   /home/andrewwhong/classes/16833/iSAM2_SLAM/workspace/build/eufs_msgs/rosidl_adapter/eufs_msgs
[42.847s]   --output-file
[42.847s]   /home/andrewwhong/classes/16833/iSAM2_SLAM/workspace/build/eufs_msgs/rosidl_adapter/eufs_msgs.idls)
[42.847s]   returned error code 1:
[42.847s] 
[42.848s]   AttributeError processing template 'msg.idl.em'
[42.848s] 
[42.848s]   Traceback (most recent call last):
[42.848s] 
[42.848s]     File "/opt/ros/foxy/lib/python3.8/site-packages/rosidl_adapter/resource/__init__.py", line 48, in evaluate_template
[42.848s]       _interpreter = em.Interpreter(
[42.848s]                      ^^^^^^^^^^^^^^
[42.848s] 
[42.848s]   AttributeError: module 'em' has no attribute 'Interpreter'
[42.849s] 
[42.849s]   
[42.849s] 
[42.849s]   During handling of the above exception, another exception occurred:
[42.849s] 
[42.850s]   
[42.850s] 
[42.851s]   Traceback (most recent call last):
[42.851s] 
[42.852s]     File "<frozen runpy>", line 198, in _run_module_as_main
[42.852s]     File "<frozen runpy>", line 88, in _run_code
[42.852s]     File "/opt/ros/foxy/lib/python3.8/site-packages/rosidl_adapter/__main__.py", line 19, in <module>
[42.852s]       sys.exit(main())
[42.852s]                ^^^^^^
[42.852s]     File "/opt/ros/foxy/lib/python3.8/site-packages/rosidl_adapter/main.py", line 53, in main
[42.853s]       abs_idl_file = convert_to_idl(
[42.853s]                      ^^^^^^^^^^^^^^^
[42.853s]     File "/opt/ros/foxy/lib/python3.8/site-packages/rosidl_adapter/__init__.py", line 19, in convert_to_idl
[42.853s]       return convert_msg_to_idl(
[42.853s]              ^^^^^^^^^^^^^^^^^^^
[42.854s]     File "/opt/ros/foxy/lib/python3.8/site-packages/rosidl_adapter/msg/__init__.py", line 39, in convert_msg_to_idl
[42.854s]       expand_template('msg.idl.em', data, output_file, encoding='iso-8859-1')
[42.854s]     File "/opt/ros/foxy/lib/python3.8/site-packages/rosidl_adapter/resource/__init__.py", line 23, in expand_template
[42.854s]       content = evaluate_template(template_name, data)
[42.854s]                 ^^^^^^^^^^^^^^^^^^^^^^^^^^^^^^^^^^^^^^
[42.854s]     File "/opt/ros/foxy/lib/python3.8/site-packages/rosidl_adapter/resource/__init__.py", line 69, in evaluate_template
[42.854s]       _interpreter.shutdown()
[42.855s]       ^^^^^^^^^^^^^^^^^^^^^
[42.855s] 
[42.855s]   AttributeError: 'NoneType' object has no attribute 'shutdown'
[42.855s] 
[42.855s] Call Stack (most recent call first):
[42.855s]   /opt/ros/foxy/share/rosidl_cmake/cmake/rosidl_generate_interfaces.cmake:130 (rosidl_adapt_interfaces)
[42.856s]   CMakeLists.txt:82 (rosidl_generate_interfaces)
[42.856s] 
[42.856s] 
[42.865s] -- Configuring incomplete, errors occurred!
[42.865s] See also "/home/andrewwhong/classes/16833/iSAM2_SLAM/workspace/build/eufs_msgs/CMakeFiles/CMakeOutput.log".
[42.913s] Invoked command in '/home/andrewwhong/classes/16833/iSAM2_SLAM/workspace/build/eufs_msgs' returned '1': CMAKE_PREFIX_PATH=/opt/ros/foxy /usr/bin/cmake /home/andrewwhong/classes/16833/iSAM2_SLAM/workspace/src/eufs_msgs -DCMAKE_INSTALL_PREFIX=/home/andrewwhong/classes/16833/iSAM2_SLAM/workspace/install/eufs_msgs
