[0.076s] Invoking command in '/home/andrewwhong/classes/16833/iSAM2_SLAM/workspace/build/eufs_msgs': CMAKE_PREFIX_PATH=/opt/ros/foxy WSLENV=ELECTRON_RUN_AS_NODE/w: /usr/bin/cmake /home/andrewwhong/classes/16833/iSAM2_SLAM/workspace/src/eufs_msgs -DCMAKE_INSTALL_PREFIX=/home/andrewwhong/classes/16833/iSAM2_SLAM/workspace/install/eufs_msgs
[0.088s] -- Found ament_cmake: 0.9.12 (/opt/ros/foxy/share/ament_cmake/cmake)
[0.106s] -- Found PythonInterp: /usr/local/bin/python3 (found suitable version "3.11.6", minimum required is "3") 
[0.106s] -- Using PYTHON_EXECUTABLE: /usr/local/bin/python3
[0.321s] -- Found rosidl_default_generators: 1.0.1 (/opt/ros/foxy/share/rosidl_default_generators/cmake)
[0.325s] -- Using all available rosidl_typesupport_c: rosidl_typesupport_fastrtps_c;rosidl_typesupport_introspection_c
[0.330s] -- Found rosidl_adapter: 1.3.1 (/opt/ros/foxy/share/rosidl_adapter/cmake)
[14.885s] -- Using all available rosidl_typesupport_cpp: rosidl_typesupport_fastrtps_cpp;rosidl_typesupport_introspection_cpp
[14.920s] -- Found std_msgs: 2.0.5 (/opt/ros/foxy/share/std_msgs/cmake)
[14.961s] -- Found geometry_msgs: 2.0.5 (/opt/ros/foxy/share/geometry_msgs/cmake)
[15.005s] -- Found sensor_msgs: 2.0.5 (/opt/ros/foxy/share/sensor_msgs/cmake)
[15.123s] -- Found PythonInterp: /usr/local/bin/python3 (found version "3.11.6") 
[15.175s] CMake Error at /opt/ros/foxy/share/rosidl_adapter/cmake/rosidl_adapt_interfaces.cmake:60 (message):
[15.175s]   execute_process(/usr/local/bin/python3 -m rosidl_adapter --package-name
[15.175s]   eufs_msgs --arguments-file
[15.175s]   /home/andrewwhong/classes/16833/iSAM2_SLAM/workspace/build/eufs_msgs/rosidl_adapter__arguments__eufs_msgs.json
[15.175s]   --output-dir
[15.175s]   /home/andrewwhong/classes/16833/iSAM2_SLAM/workspace/build/eufs_msgs/rosidl_adapter/eufs_msgs
[15.175s]   --output-file
[15.175s]   /home/andrewwhong/classes/16833/iSAM2_SLAM/workspace/build/eufs_msgs/rosidl_adapter/eufs_msgs.idls)
[15.175s]   returned error code 1:
[15.175s] 
[15.176s]   AttributeError processing template 'msg.idl.em'
[15.176s] 
[15.176s]   Traceback (most recent call last):
[15.176s] 
[15.176s]     File "/opt/ros/foxy/lib/python3.8/site-packages/rosidl_adapter/resource/__init__.py", line 48, in evaluate_template
[15.176s]       _interpreter = em.Interpreter(
[15.177s]                      ^^^^^^^^^^^^^^
[15.177s] 
[15.177s]   AttributeError: module 'em' has no attribute 'Interpreter'
[15.177s] 
[15.177s]   
[15.177s] 
[15.177s]   During handling of the above exception, another exception occurred:
[15.177s] 
[15.177s]   
[15.177s] 
[15.178s]   Traceback (most recent call last):
[15.178s] 
[15.178s]     File "<frozen runpy>", line 198, in _run_module_as_main
[15.178s]     File "<frozen runpy>", line 88, in _run_code
[15.178s]     File "/opt/ros/foxy/lib/python3.8/site-packages/rosidl_adapter/__main__.py", line 19, in <module>
[15.178s]       sys.exit(main())
[15.178s]                ^^^^^^
[15.178s]     File "/opt/ros/foxy/lib/python3.8/site-packages/rosidl_adapter/main.py", line 53, in main
[15.178s]       abs_idl_file = convert_to_idl(
[15.178s]                      ^^^^^^^^^^^^^^^
[15.178s]     File "/opt/ros/foxy/lib/python3.8/site-packages/rosidl_adapter/__init__.py", line 19, in convert_to_idl
[15.178s]       return convert_msg_to_idl(
[15.178s]              ^^^^^^^^^^^^^^^^^^^
[15.178s]     File "/opt/ros/foxy/lib/python3.8/site-packages/rosidl_adapter/msg/__init__.py", line 39, in convert_msg_to_idl
[15.179s]       expand_template('msg.idl.em', data, output_file, encoding='iso-8859-1')
[15.179s]     File "/opt/ros/foxy/lib/python3.8/site-packages/rosidl_adapter/resource/__init__.py", line 23, in expand_template
[15.179s]       content = evaluate_template(template_name, data)
[15.179s]                 ^^^^^^^^^^^^^^^^^^^^^^^^^^^^^^^^^^^^^^
[15.179s]     File "/opt/ros/foxy/lib/python3.8/site-packages/rosidl_adapter/resource/__init__.py", line 69, in evaluate_template
[15.179s]       _interpreter.shutdown()
[15.179s]       ^^^^^^^^^^^^^^^^^^^^^
[15.179s] 
[15.179s]   AttributeError: 'NoneType' object has no attribute 'shutdown'
[15.179s] 
[15.179s] Call Stack (most recent call first):
[15.179s]   /opt/ros/foxy/share/rosidl_cmake/cmake/rosidl_generate_interfaces.cmake:130 (rosidl_adapt_interfaces)
[15.180s]   CMakeLists.txt:82 (rosidl_generate_interfaces)
[15.180s] 
[15.180s] 
[15.180s] -- Configuring incomplete, errors occurred!
[15.180s] See also "/home/andrewwhong/classes/16833/iSAM2_SLAM/workspace/build/eufs_msgs/CMakeFiles/CMakeOutput.log".
[15.184s] Invoked command in '/home/andrewwhong/classes/16833/iSAM2_SLAM/workspace/build/eufs_msgs' returned '1': CMAKE_PREFIX_PATH=/opt/ros/foxy WSLENV=ELECTRON_RUN_AS_NODE/w: /usr/bin/cmake /home/andrewwhong/classes/16833/iSAM2_SLAM/workspace/src/eufs_msgs -DCMAKE_INSTALL_PREFIX=/home/andrewwhong/classes/16833/iSAM2_SLAM/workspace/install/eufs_msgs
