[0.000000] (-) TimerEvent: {}
[0.000254] (eufs_msgs) JobQueued: {'identifier': 'eufs_msgs', 'dependencies': OrderedDict()}
[0.001046] (planning) JobQueued: {'identifier': 'planning', 'dependencies': OrderedDict([('eufs_msgs', '/home/andrewwhong/classes/16833/iSAM2_SLAM/workspace/install/eufs_msgs')])}
[0.001119] (eufs_msgs) JobStarted: {'identifier': 'eufs_msgs'}
[0.067168] (eufs_msgs) JobProgress: {'identifier': 'eufs_msgs', 'progress': 'cmake'}
[0.068067] (eufs_msgs) Command: {'cmd': ['/usr/bin/cmake', '/home/andrewwhong/classes/16833/iSAM2_SLAM/workspace/src/eufs_msgs', '-DCMAKE_INSTALL_PREFIX=/home/andrewwhong/classes/16833/iSAM2_SLAM/workspace/install/eufs_msgs'], 'cwd': '/home/andrewwhong/classes/16833/iSAM2_SLAM/workspace/build/eufs_msgs', 'env': OrderedDict([('LESSOPEN', '| /usr/bin/lesspipe %s'), ('USER', 'andrewwhong'), ('SHLVL', '2'), ('LD_LIBRARY_PATH', '/opt/ros/foxy/opt/yaml_cpp_vendor/lib:/opt/ros/foxy/opt/rviz_ogre_vendor/lib:/opt/ros/foxy/lib/x86_64-linux-gnu:/opt/ros/foxy/lib'), ('MOTD_SHOWN', 'update-motd'), ('HOME', '/home/andrewwhong'), ('OLDPWD', '/home/andrewwhong/classes/16833/iSAM2_SLAM'), ('TERM_PROGRAM_VERSION', '1.84.2'), ('VSCODE_IPC_HOOK_CLI', '/run/user/1000/vscode-ipc-04a79897-75bd-4222-a56b-7c03725a41d6.sock'), ('ROS_PYTHON_VERSION', '3'), ('GOROOT', '/home/andrewwhong/go/go'), ('DBUS_SESSION_BUS_ADDRESS', 'unix:path=/run/user/1000/bus'), ('COLORTERM', 'truecolor'), ('WSL_DISTRO_NAME', 'Ubuntu-20.04'), ('WAYLAND_DISPLAY', 'wayland-0'), ('ROS_DISTRO', 'foxy'), ('LOGNAME', 'andrewwhong'), ('NAME', 'Code'), ('WSL_INTEROP', '/run/WSL/26665_interop'), ('PULSE_SERVER', 'unix:/mnt/wslg/PulseServer'), ('_', '/usr/bin/colcon'), ('ROS_VERSION', '2'), ('TERM', 'xterm-256color'), ('ROS_LOCALHOST_ONLY', '0'), ('PATH', '/opt/ros/foxy/bin:/home/andrewwhong/.vscode-server/bin/1a5daa3a0231a0fbba4f14db7ec463cf99d7768e/bin/remote-cli:/home/andrewwhong/go/go/bin:/usr/local/sbin:/usr/local/bin:/usr/sbin:/usr/bin:/sbin:/bin:/usr/games:/usr/local/games:/usr/lib/wsl/lib:/mnt/c/Program Files/WindowsApps/CanonicalGroupLimited.Ubuntu20.04LTS_2004.6.16.0_x64__79rhkp1fndgsc:/mnt/c/Program Files/NVIDIA GPU Computing Toolkit/CUDA/v12.2/bin:/mnt/c/Program Files/NVIDIA GPU Computing Toolkit/CUDA/v12.2/libnvvp:/mnt/c/Program Files (x86)/VMware/VMware Workstation/bin/:/mnt/c/Program Files (x86)/NVIDIA Corporation/PhysX/Common:/mnt/c/Program Files/NVIDIA GPU Computing Toolkit/CUDA/v11.5/bin:/mnt/c/Program Files/NVIDIA GPU Computing Toolkit/CUDA/v11.5/libnvvp:/mnt/c/Program Files (x86)/Common Files/Oracle/Java/javapath:/mnt/c/Windows/system32:/mnt/c/Windows:/mnt/c/Windows/System32/Wbem:/mnt/c/Windows/System32/WindowsPowerShell/v1.0/:/mnt/c/Windows/System32/OpenSSH/:/mnt/c/Program Files/NVIDIA Corporation/NVIDIA NvDLISR:/mnt/c/Program Files/Wolfram Research/WolframScript/:/mnt/c/Program Files/Microsoft SQL Server/Client SDK/ODBC/110/Tools/Binn/:/mnt/c/Program Files (x86)/Microsoft SQL Server/120/Tools/Binn/:/mnt/c/Program Files/Microsoft SQL Server/120/Tools/Binn/:/mnt/c/Program Files/Microsoft SQL Server/120/DTS/Binn/:/mnt/c/Program Files (x86)/Windows Kits/8.1/Windows Performance Toolkit/:/mnt/c/Program Files/MATLAB/R2022b/runtime/win64:/mnt/c/Program Files/MATLAB/R2022b/bin:/mnt/c/Program Files/MATLAB/R2021b/runtime/win64:/mnt/c/Program Files/MATLAB/R2021b/bin:/mnt/c/Program Files/MATLAB/R2021a/bin:/mnt/c/Program Files/dotnet/:/mnt/c/WINDOWS/system32:/mnt/c/WINDOWS:/mnt/c/WINDOWS/System32/Wbem:/mnt/c/WINDOWS/System32/WindowsPowerShell/v1.0/:/mnt/c/WINDOWS/System32/OpenSSH/:/mnt/c/Program Files/TortoiseSVN/bin:/mnt/c/Program Files/Docker/Docker/resources/bin:/mnt/c/Program Files/Common Files/Autodesk Shared/:/mnt/c/ProgramData/chocolatey/bin:/mnt/c/Program Files/Git/cmd:/mnt/c/Program Files/WireGuard/:/mnt/c/Program Files/PuTTY/:/mnt/c/Users/Andrew Chong/AppData/Local/Programs/Python/Python39:/mnt/c/Program Files/NVIDIA Corporation/Nsight Compute 2023.2.2/:/mnt/c/Users/Andrew Chong/AppData/Local/Programs/Python/Python39/Scripts/:/mnt/c/Users/Andrew Chong/AppData/Local/Programs/Python/Python39/:/mnt/c/Users/Andrew Chong/AppData/Local/Microsoft/WindowsApps:/mnt/c/Users/Andrew Chong/AppData/Local/Programs/Microsoft VS Code/bin:/mnt/c/ProgramData/Andrew Chong/GitHubDesktop/bin:/mnt/c/Program Files/CMake/bin:/mnt/c/Users/Andrew Chong/AppData/Local/GitHubDesktop/bin:/mnt/c/msys64/mingw64/bin:/mnt/c/Users/Andrew Chong/AppData/Local/JetBrains/Toolbox/scripts:/snap/bin'), ('XDG_RUNTIME_DIR', '/run/user/1000/'), ('DISPLAY', '172.19.96.1:0.0'), ('LANG', 'en_US.UTF-8'), ('LS_COLORS', 'rs=0:di=01;34:ln=01;36:mh=00:pi=40;33:so=01;35:do=01;35:bd=40;33;01:cd=40;33;01:or=40;31;01:mi=00:su=37;41:sg=30;43:ca=30;41:tw=30;42:ow=34;42:st=37;44:ex=01;32:*.tar=01;31:*.tgz=01;31:*.arc=01;31:*.arj=01;31:*.taz=01;31:*.lha=01;31:*.lz4=01;31:*.lzh=01;31:*.lzma=01;31:*.tlz=01;31:*.txz=01;31:*.tzo=01;31:*.t7z=01;31:*.zip=01;31:*.z=01;31:*.dz=01;31:*.gz=01;31:*.lrz=01;31:*.lz=01;31:*.lzo=01;31:*.xz=01;31:*.zst=01;31:*.tzst=01;31:*.bz2=01;31:*.bz=01;31:*.tbz=01;31:*.tbz2=01;31:*.tz=01;31:*.deb=01;31:*.rpm=01;31:*.jar=01;31:*.war=01;31:*.ear=01;31:*.sar=01;31:*.rar=01;31:*.alz=01;31:*.ace=01;31:*.zoo=01;31:*.cpio=01;31:*.7z=01;31:*.rz=01;31:*.cab=01;31:*.wim=01;31:*.swm=01;31:*.dwm=01;31:*.esd=01;31:*.jpg=01;35:*.jpeg=01;35:*.mjpg=01;35:*.mjpeg=01;35:*.gif=01;35:*.bmp=01;35:*.pbm=01;35:*.pgm=01;35:*.ppm=01;35:*.tga=01;35:*.xbm=01;35:*.xpm=01;35:*.tif=01;35:*.tiff=01;35:*.png=01;35:*.svg=01;35:*.svgz=01;35:*.mng=01;35:*.pcx=01;35:*.mov=01;35:*.mpg=01;35:*.mpeg=01;35:*.m2v=01;35:*.mkv=01;35:*.webm=01;35:*.ogm=01;35:*.mp4=01;35:*.m4v=01;35:*.mp4v=01;35:*.vob=01;35:*.qt=01;35:*.nuv=01;35:*.wmv=01;35:*.asf=01;35:*.rm=01;35:*.rmvb=01;35:*.flc=01;35:*.avi=01;35:*.fli=01;35:*.flv=01;35:*.gl=01;35:*.dl=01;35:*.xcf=01;35:*.xwd=01;35:*.yuv=01;35:*.cgm=01;35:*.emf=01;35:*.ogv=01;35:*.ogx=01;35:*.aac=00;36:*.au=00;36:*.flac=00;36:*.m4a=00;36:*.mid=00;36:*.midi=00;36:*.mka=00;36:*.mp3=00;36:*.mpc=00;36:*.ogg=00;36:*.ra=00;36:*.wav=00;36:*.oga=00;36:*.opus=00;36:*.spx=00;36:*.xspf=00;36:'), ('VSCODE_GIT_IPC_HANDLE', '/run/user/1000/vscode-git-6be0b5ed08.sock'), ('TERM_PROGRAM', 'vscode'), ('AMENT_PREFIX_PATH', '/opt/ros/foxy'), ('SHELL', '/bin/bash'), ('LESSCLOSE', '/usr/bin/lesspipe %s %s'), ('PWD', '/home/andrewwhong/classes/16833/iSAM2_SLAM/workspace/build/eufs_msgs'), ('XDG_DATA_DIRS', '/usr/local/share:/usr/share:/var/lib/snapd/desktop'), ('PYTHONPATH', '/opt/ros/foxy/lib/python3.8/site-packages'), ('COLCON', '1'), ('WSL2_GUI_APPS_ENABLED', '1'), ('HOSTTYPE', 'x86_64'), ('WSLENV', 'ELECTRON_RUN_AS_NODE/w:'), ('CMAKE_PREFIX_PATH', '/opt/ros/foxy')]), 'shell': False}
[0.086565] (eufs_msgs) StdoutLine: {'line': b'-- Found ament_cmake: 0.9.12 (/opt/ros/foxy/share/ament_cmake/cmake)\n'}
[0.099568] (-) TimerEvent: {}
[0.102354] (eufs_msgs) StdoutLine: {'line': b'-- Found PythonInterp: /usr/local/bin/python3 (found suitable version "3.11.6", minimum required is "3") \n'}
[0.102583] (eufs_msgs) StdoutLine: {'line': b'-- Using PYTHON_EXECUTABLE: /usr/local/bin/python3\n'}
[0.199808] (-) TimerEvent: {}
[0.300325] (-) TimerEvent: {}
[0.341520] (eufs_msgs) StdoutLine: {'line': b'-- Found rosidl_default_generators: 1.0.1 (/opt/ros/foxy/share/rosidl_default_generators/cmake)\n'}
[0.343716] (eufs_msgs) StdoutLine: {'line': b'-- Using all available rosidl_typesupport_c: rosidl_typesupport_fastrtps_c;rosidl_typesupport_introspection_c\n'}
[0.348434] (eufs_msgs) StdoutLine: {'line': b'-- Found rosidl_adapter: 1.3.1 (/opt/ros/foxy/share/rosidl_adapter/cmake)\n'}
[0.400463] (-) TimerEvent: {}
[0.500977] (-) TimerEvent: {}
[0.601632] (-) TimerEvent: {}
[0.702286] (-) TimerEvent: {}
[0.802700] (-) TimerEvent: {}
[0.903233] (-) TimerEvent: {}
[1.003710] (-) TimerEvent: {}
[1.104204] (-) TimerEvent: {}
[1.204669] (-) TimerEvent: {}
[1.305143] (-) TimerEvent: {}
[1.405686] (-) TimerEvent: {}
[1.506764] (-) TimerEvent: {}
[1.607322] (-) TimerEvent: {}
[1.707770] (-) TimerEvent: {}
[1.808311] (-) TimerEvent: {}
[1.908816] (-) TimerEvent: {}
[2.009274] (-) TimerEvent: {}
[2.109745] (-) TimerEvent: {}
[2.210302] (-) TimerEvent: {}
[2.310759] (-) TimerEvent: {}
[2.411249] (-) TimerEvent: {}
[2.514870] (-) TimerEvent: {}
[2.615342] (-) TimerEvent: {}
[2.715817] (-) TimerEvent: {}
[2.816329] (-) TimerEvent: {}
[2.917011] (-) TimerEvent: {}
[3.017442] (-) TimerEvent: {}
[3.117880] (-) TimerEvent: {}
[3.218287] (-) TimerEvent: {}
[3.318771] (-) TimerEvent: {}
[3.419364] (-) TimerEvent: {}
[3.519850] (-) TimerEvent: {}
[3.620471] (-) TimerEvent: {}
[3.720910] (-) TimerEvent: {}
[3.821527] (-) TimerEvent: {}
[3.922017] (-) TimerEvent: {}
[4.022459] (-) TimerEvent: {}
[4.122901] (-) TimerEvent: {}
[4.223360] (-) TimerEvent: {}
[4.323856] (-) TimerEvent: {}
[4.424312] (-) TimerEvent: {}
[4.524846] (-) TimerEvent: {}
[4.625400] (-) TimerEvent: {}
[4.725831] (-) TimerEvent: {}
[4.826380] (-) TimerEvent: {}
[4.926865] (-) TimerEvent: {}
[5.027325] (-) TimerEvent: {}
[5.127824] (-) TimerEvent: {}
[5.228290] (-) TimerEvent: {}
[5.328823] (-) TimerEvent: {}
[5.429274] (-) TimerEvent: {}
[5.529743] (-) TimerEvent: {}
[5.630283] (-) TimerEvent: {}
[5.730755] (-) TimerEvent: {}
[5.831240] (-) TimerEvent: {}
[5.931765] (-) TimerEvent: {}
[6.032242] (-) TimerEvent: {}
[6.132640] (-) TimerEvent: {}
[6.233143] (-) TimerEvent: {}
[6.333675] (-) TimerEvent: {}
[6.434147] (-) TimerEvent: {}
[6.534656] (-) TimerEvent: {}
[6.635178] (-) TimerEvent: {}
[6.735687] (-) TimerEvent: {}
[6.836237] (-) TimerEvent: {}
[6.936852] (-) TimerEvent: {}
[7.037306] (-) TimerEvent: {}
[7.137779] (-) TimerEvent: {}
[7.238276] (-) TimerEvent: {}
[7.338832] (-) TimerEvent: {}
[7.439308] (-) TimerEvent: {}
[7.539768] (-) TimerEvent: {}
[7.640278] (-) TimerEvent: {}
[7.740710] (-) TimerEvent: {}
[7.841137] (-) TimerEvent: {}
[7.941586] (-) TimerEvent: {}
[8.042142] (-) TimerEvent: {}
[8.142749] (-) TimerEvent: {}
[8.243240] (-) TimerEvent: {}
[8.343701] (-) TimerEvent: {}
[8.444266] (-) TimerEvent: {}
[8.544901] (-) TimerEvent: {}
[8.645501] (-) TimerEvent: {}
[8.746073] (-) TimerEvent: {}
[8.846652] (-) TimerEvent: {}
[8.947235] (-) TimerEvent: {}
[9.047839] (-) TimerEvent: {}
[9.148334] (-) TimerEvent: {}
[9.248846] (-) TimerEvent: {}
[9.349374] (-) TimerEvent: {}
[9.449880] (-) TimerEvent: {}
[9.550449] (-) TimerEvent: {}
[9.650970] (-) TimerEvent: {}
[9.751427] (-) TimerEvent: {}
[9.852057] (-) TimerEvent: {}
[9.952738] (-) TimerEvent: {}
[10.053338] (-) TimerEvent: {}
[10.153837] (-) TimerEvent: {}
[10.254328] (-) TimerEvent: {}
[10.354829] (-) TimerEvent: {}
[10.455409] (-) TimerEvent: {}
[10.555940] (-) TimerEvent: {}
[10.656448] (-) TimerEvent: {}
[10.757059] (-) TimerEvent: {}
[10.857658] (-) TimerEvent: {}
[10.958153] (-) TimerEvent: {}
[11.058634] (-) TimerEvent: {}
[11.159061] (-) TimerEvent: {}
[11.259530] (-) TimerEvent: {}
[11.360102] (-) TimerEvent: {}
[11.460822] (-) TimerEvent: {}
[11.561234] (-) TimerEvent: {}
[11.661752] (-) TimerEvent: {}
[11.762244] (-) TimerEvent: {}
[11.862856] (-) TimerEvent: {}
[11.963354] (-) TimerEvent: {}
[12.063779] (-) TimerEvent: {}
[12.164402] (-) TimerEvent: {}
[12.265289] (-) TimerEvent: {}
[12.365746] (-) TimerEvent: {}
[12.466160] (-) TimerEvent: {}
[12.566686] (-) TimerEvent: {}
[12.667200] (-) TimerEvent: {}
[12.767743] (-) TimerEvent: {}
[12.868195] (-) TimerEvent: {}
[12.968678] (-) TimerEvent: {}
[13.069177] (-) TimerEvent: {}
[13.169638] (-) TimerEvent: {}
[13.270273] (-) TimerEvent: {}
[13.370878] (-) TimerEvent: {}
[13.471338] (-) TimerEvent: {}
[13.572025] (-) TimerEvent: {}
[13.672631] (-) TimerEvent: {}
[13.773166] (-) TimerEvent: {}
[13.873809] (-) TimerEvent: {}
[13.974383] (-) TimerEvent: {}
[14.074965] (-) TimerEvent: {}
[14.175458] (-) TimerEvent: {}
[14.275948] (-) TimerEvent: {}
[14.287757] (eufs_msgs) StdoutLine: {'line': b'-- Using all available rosidl_typesupport_cpp: rosidl_typesupport_fastrtps_cpp;rosidl_typesupport_introspection_cpp\n'}
[14.332532] (eufs_msgs) StdoutLine: {'line': b'-- Found std_msgs: 2.0.5 (/opt/ros/foxy/share/std_msgs/cmake)\n'}
[14.368375] (eufs_msgs) StdoutLine: {'line': b'-- Found geometry_msgs: 2.0.5 (/opt/ros/foxy/share/geometry_msgs/cmake)\n'}
[14.376077] (-) TimerEvent: {}
[14.408977] (eufs_msgs) StdoutLine: {'line': b'-- Found sensor_msgs: 2.0.5 (/opt/ros/foxy/share/sensor_msgs/cmake)\n'}
[14.476285] (-) TimerEvent: {}
[14.515457] (eufs_msgs) StdoutLine: {'line': b'-- Found PythonInterp: /usr/local/bin/python3 (found version "3.11.6") \n'}
[14.569550] (eufs_msgs) StderrLine: {'line': b'CMake Error at /opt/ros/foxy/share/rosidl_adapter/cmake/rosidl_adapt_interfaces.cmake:60 (message):\n'}
[14.569805] (eufs_msgs) StderrLine: {'line': b'  execute_process(/usr/local/bin/python3 -m rosidl_adapter --package-name\n'}
[14.569974] (eufs_msgs) StderrLine: {'line': b'  eufs_msgs --arguments-file\n'}
[14.570054] (eufs_msgs) StderrLine: {'line': b'  /home/andrewwhong/classes/16833/iSAM2_SLAM/workspace/build/eufs_msgs/rosidl_adapter__arguments__eufs_msgs.json\n'}
[14.570128] (eufs_msgs) StderrLine: {'line': b'  --output-dir\n'}
[14.570312] (eufs_msgs) StderrLine: {'line': b'  /home/andrewwhong/classes/16833/iSAM2_SLAM/workspace/build/eufs_msgs/rosidl_adapter/eufs_msgs\n'}
[14.570389] (eufs_msgs) StderrLine: {'line': b'  --output-file\n'}
[14.570461] (eufs_msgs) StderrLine: {'line': b'  /home/andrewwhong/classes/16833/iSAM2_SLAM/workspace/build/eufs_msgs/rosidl_adapter/eufs_msgs.idls)\n'}
[14.570532] (eufs_msgs) StderrLine: {'line': b'  returned error code 1:\n'}
[14.570602] (eufs_msgs) StderrLine: {'line': b'\n'}
[14.570674] (eufs_msgs) StderrLine: {'line': b"  AttributeError processing template 'msg.idl.em'\n"}
[14.571017] (eufs_msgs) StderrLine: {'line': b'\n'}
[14.571156] (eufs_msgs) StderrLine: {'line': b'  Traceback (most recent call last):\n'}
[14.571235] (eufs_msgs) StderrLine: {'line': b'\n'}
[14.571310] (eufs_msgs) StderrLine: {'line': b'    File "/opt/ros/foxy/lib/python3.8/site-packages/rosidl_adapter/resource/__init__.py", line 51, in evaluate_template\n'}
[14.571390] (eufs_msgs) StderrLine: {'line': b'      em.BUFFERED_OPT: True,\n'}
[14.571462] (eufs_msgs) StderrLine: {'line': b'      ^^^^^^^^^^^^^^^\n'}
[14.571533] (eufs_msgs) StderrLine: {'line': b'\n'}
[14.571603] (eufs_msgs) StderrLine: {'line': b"  AttributeError: module 'em' has no attribute 'BUFFERED_OPT'\n"}
[14.571672] (eufs_msgs) StderrLine: {'line': b'\n'}
[14.571741] (eufs_msgs) StderrLine: {'line': b'  \n'}
[14.571897] (eufs_msgs) StderrLine: {'line': b'\n'}
[14.571974] (eufs_msgs) StderrLine: {'line': b'  During handling of the above exception, another exception occurred:\n'}
[14.572045] (eufs_msgs) StderrLine: {'line': b'\n'}
[14.572115] (eufs_msgs) StderrLine: {'line': b'  \n'}
[14.572185] (eufs_msgs) StderrLine: {'line': b'\n'}
[14.572254] (eufs_msgs) StderrLine: {'line': b'  Traceback (most recent call last):\n'}
[14.572348] (eufs_msgs) StderrLine: {'line': b'\n'}
[14.572435] (eufs_msgs) StderrLine: {'line': b'    File "<frozen runpy>", line 198, in _run_module_as_main\n'}
[14.572505] (eufs_msgs) StderrLine: {'line': b'    File "<frozen runpy>", line 88, in _run_code\n'}
[14.572574] (eufs_msgs) StderrLine: {'line': b'    File "/opt/ros/foxy/lib/python3.8/site-packages/rosidl_adapter/__main__.py", line 19, in <module>\n'}
[14.572644] (eufs_msgs) StderrLine: {'line': b'      sys.exit(main())\n'}
[14.572712] (eufs_msgs) StderrLine: {'line': b'               ^^^^^^\n'}
[14.572887] (eufs_msgs) StderrLine: {'line': b'    File "/opt/ros/foxy/lib/python3.8/site-packages/rosidl_adapter/main.py", line 53, in main\n'}
[14.572977] (eufs_msgs) StderrLine: {'line': b'      abs_idl_file = convert_to_idl(\n'}
[14.573048] (eufs_msgs) StderrLine: {'line': b'                     ^^^^^^^^^^^^^^^\n'}
[14.573117] (eufs_msgs) StderrLine: {'line': b'    File "/opt/ros/foxy/lib/python3.8/site-packages/rosidl_adapter/__init__.py", line 19, in convert_to_idl\n'}
[14.573188] (eufs_msgs) StderrLine: {'line': b'      return convert_msg_to_idl(\n'}
[14.573257] (eufs_msgs) StderrLine: {'line': b'             ^^^^^^^^^^^^^^^^^^^\n'}
[14.573328] (eufs_msgs) StderrLine: {'line': b'    File "/opt/ros/foxy/lib/python3.8/site-packages/rosidl_adapter/msg/__init__.py", line 39, in convert_msg_to_idl\n'}
[14.573400] (eufs_msgs) StderrLine: {'line': b"      expand_template('msg.idl.em', data, output_file, encoding='iso-8859-1')\n"}
[14.573471] (eufs_msgs) StderrLine: {'line': b'    File "/opt/ros/foxy/lib/python3.8/site-packages/rosidl_adapter/resource/__init__.py", line 23, in expand_template\n'}
[14.573549] (eufs_msgs) StderrLine: {'line': b'      content = evaluate_template(template_name, data)\n'}
[14.573618] (eufs_msgs) StderrLine: {'line': b'                ^^^^^^^^^^^^^^^^^^^^^^^^^^^^^^^^^^^^^^\n'}
[14.573687] (eufs_msgs) StderrLine: {'line': b'    File "/opt/ros/foxy/lib/python3.8/site-packages/rosidl_adapter/resource/__init__.py", line 69, in evaluate_template\n'}
[14.573849] (eufs_msgs) StderrLine: {'line': b'      _interpreter.shutdown()\n'}
[14.573928] (eufs_msgs) StderrLine: {'line': b'      ^^^^^^^^^^^^^^^^^^^^^\n'}
[14.573999] (eufs_msgs) StderrLine: {'line': b'\n'}
[14.574070] (eufs_msgs) StderrLine: {'line': b"  AttributeError: 'NoneType' object has no attribute 'shutdown'\n"}
[14.574146] (eufs_msgs) StderrLine: {'line': b'\n'}
[14.574217] (eufs_msgs) StderrLine: {'line': b'Call Stack (most recent call first):\n'}
[14.574287] (eufs_msgs) StderrLine: {'line': b'  /opt/ros/foxy/share/rosidl_cmake/cmake/rosidl_generate_interfaces.cmake:130 (rosidl_adapt_interfaces)\n'}
[14.574358] (eufs_msgs) StderrLine: {'line': b'  CMakeLists.txt:82 (rosidl_generate_interfaces)\n'}
[14.574429] (eufs_msgs) StderrLine: {'line': b'\n'}
[14.574499] (eufs_msgs) StderrLine: {'line': b'\n'}
[14.574569] (eufs_msgs) StdoutLine: {'line': b'-- Configuring incomplete, errors occurred!\n'}
[14.574646] (eufs_msgs) StdoutLine: {'line': b'See also "/home/andrewwhong/classes/16833/iSAM2_SLAM/workspace/build/eufs_msgs/CMakeFiles/CMakeOutput.log".\n'}
[14.576415] (-) TimerEvent: {}
[14.579162] (eufs_msgs) CommandEnded: {'returncode': 1}
[14.645258] (eufs_msgs) JobEnded: {'identifier': 'eufs_msgs', 'rc': 1}
[14.656557] (planning) JobSkipped: {'identifier': 'planning'}
[14.656720] (-) EventReactorShutdown: {}
