[0.961s] Invoking command in '/home/andrewwhong/classes/16833/iSAM2_SLAM/workspace/build/eufs_msgs': CMAKE_PREFIX_PATH=/opt/ros/foxy /usr/bin/cmake /home/andrewwhong/classes/16833/iSAM2_SLAM/workspace/src/eufs_msgs -DCMAKE_INSTALL_PREFIX=/home/andrewwhong/classes/16833/iSAM2_SLAM/workspace/install/eufs_msgs
[1.101s] -- Found ament_cmake: 0.9.12 (/opt/ros/foxy/share/ament_cmake/cmake)
[1.302s] -- Found PythonInterp: /usr/local/bin/python3 (found suitable version "3.11.6", minimum required is "3") 
[1.302s] -- Using PYTHON_EXECUTABLE: /usr/local/bin/python3
[2.966s] -- Found rosidl_default_generators: 1.0.1 (/opt/ros/foxy/share/rosidl_default_generators/cmake)
[2.988s] -- Using all available rosidl_typesupport_c: rosidl_typesupport_fastrtps_c;rosidl_typesupport_introspection_c
[3.054s] -- Found rosidl_adapter: 1.3.1 (/opt/ros/foxy/share/rosidl_adapter/cmake)
[27.565s] -- Using all available rosidl_typesupport_cpp: rosidl_typesupport_fastrtps_cpp;rosidl_typesupport_introspection_cpp
[27.718s] -- Found std_msgs: 2.0.5 (/opt/ros/foxy/share/std_msgs/cmake)
[27.932s] -- Found geometry_msgs: 2.0.5 (/opt/ros/foxy/share/geometry_msgs/cmake)
[28.111s] -- Found sensor_msgs: 2.0.5 (/opt/ros/foxy/share/sensor_msgs/cmake)
[28.821s] -- Found PythonInterp: /usr/local/bin/python3 (found version "3.11.6") 
[29.142s] CMake Error at /opt/ros/foxy/share/rosidl_adapter/cmake/rosidl_adapt_interfaces.cmake:60 (message):
[29.143s]   execute_process(/usr/local/bin/python3 -m rosidl_adapter --package-name
[29.143s]   eufs_msgs --arguments-file
[29.143s]   /home/andrewwhong/classes/16833/iSAM2_SLAM/workspace/build/eufs_msgs/rosidl_adapter__arguments__eufs_msgs.json
[29.143s]   --output-dir
[29.144s]   /home/andrewwhong/classes/16833/iSAM2_SLAM/workspace/build/eufs_msgs/rosidl_adapter/eufs_msgs
[29.144s]   --output-file
[29.144s]   /home/andrewwhong/classes/16833/iSAM2_SLAM/workspace/build/eufs_msgs/rosidl_adapter/eufs_msgs.idls)
[29.144s]   returned error code 1:
[29.144s] 
[29.144s]   AttributeError processing template 'msg.idl.em'
[29.145s] 
[29.145s]   Traceback (most recent call last):
[29.145s] 
[29.145s]     File "/opt/ros/foxy/lib/python3.8/site-packages/rosidl_adapter/resource/__init__.py", line 48, in evaluate_template
[29.145s]       _interpreter = em.Interpreter(
[29.146s]                      ^^^^^^^^^^^^^^
[29.146s] 
[29.146s]   AttributeError: module 'em' has no attribute 'Interpreter'
[29.146s] 
[29.146s]   
[29.147s] 
[29.147s]   During handling of the above exception, another exception occurred:
[29.147s] 
[29.147s]   
[29.147s] 
[29.148s]   Traceback (most recent call last):
[29.148s] 
[29.149s]     File "<frozen runpy>", line 198, in _run_module_as_main
[29.149s]     File "<frozen runpy>", line 88, in _run_code
[29.149s]     File "/opt/ros/foxy/lib/python3.8/site-packages/rosidl_adapter/__main__.py", line 19, in <module>
[29.149s]       sys.exit(main())
[29.149s]                ^^^^^^
[29.149s]     File "/opt/ros/foxy/lib/python3.8/site-packages/rosidl_adapter/main.py", line 53, in main
[29.149s]       abs_idl_file = convert_to_idl(
[29.150s]                      ^^^^^^^^^^^^^^^
[29.150s]     File "/opt/ros/foxy/lib/python3.8/site-packages/rosidl_adapter/__init__.py", line 19, in convert_to_idl
[29.150s]       return convert_msg_to_idl(
[29.150s]              ^^^^^^^^^^^^^^^^^^^
[29.150s]     File "/opt/ros/foxy/lib/python3.8/site-packages/rosidl_adapter/msg/__init__.py", line 39, in convert_msg_to_idl
[29.150s]       expand_template('msg.idl.em', data, output_file, encoding='iso-8859-1')
[29.150s]     File "/opt/ros/foxy/lib/python3.8/site-packages/rosidl_adapter/resource/__init__.py", line 23, in expand_template
[29.151s]       content = evaluate_template(template_name, data)
[29.151s]                 ^^^^^^^^^^^^^^^^^^^^^^^^^^^^^^^^^^^^^^
[29.151s]     File "/opt/ros/foxy/lib/python3.8/site-packages/rosidl_adapter/resource/__init__.py", line 69, in evaluate_template
[29.151s]       _interpreter.shutdown()
[29.151s]       ^^^^^^^^^^^^^^^^^^^^^
[29.151s] 
[29.151s]   AttributeError: 'NoneType' object has no attribute 'shutdown'
[29.152s] 
[29.152s] Call Stack (most recent call first):
[29.152s]   /opt/ros/foxy/share/rosidl_cmake/cmake/rosidl_generate_interfaces.cmake:130 (rosidl_adapt_interfaces)
[29.152s]   CMakeLists.txt:82 (rosidl_generate_interfaces)
[29.152s] 
[29.164s] 
[29.166s] -- Configuring incomplete, errors occurred!
[29.166s] See also "/home/andrewwhong/classes/16833/iSAM2_SLAM/workspace/build/eufs_msgs/CMakeFiles/CMakeOutput.log".
[29.223s] Invoked command in '/home/andrewwhong/classes/16833/iSAM2_SLAM/workspace/build/eufs_msgs' returned '1': CMAKE_PREFIX_PATH=/opt/ros/foxy /usr/bin/cmake /home/andrewwhong/classes/16833/iSAM2_SLAM/workspace/src/eufs_msgs -DCMAKE_INSTALL_PREFIX=/home/andrewwhong/classes/16833/iSAM2_SLAM/workspace/install/eufs_msgs
