[ 50%] [32m[1mLinking CXX executable isam_test[0m
/usr/bin/ld: cannot find -lGTSAM
collect2: error: ld returned 1 exit status
make[2]: *** [CMakeFiles/isam_test.dir/build.make:157: isam_test] Error 1
make[1]: *** [CMakeFiles/Makefile2:78: CMakeFiles/isam_test.dir/all] Error 2
make: *** [Makefile:141: all] Error 2
