In file included from [01m[K/home/dale/Documents/isam2/iSAM2_SLAM/workspace/src/isam2/isam2.cpp:29[m[K,
                 from [01m[K/home/dale/Documents/isam2/iSAM2_SLAM/workspace/src/isam2/isam2Node.cpp:14[m[K:
[01m[K/usr/local/include/gtsam/slam/BearingRangeFactor.h:18:2:[m[K [01;35m[Kwarning: [m[K#warning "BearingRangeFactor is now an ExpressionFactor in SAM directory" [[01;35m[K-Wcpp[m[K]
   18 | #[01;35m[Kwarning[m[K "BearingRangeFactor is now an ExpressionFactor in SAM directory"
      |  [01;35m[K^~~~~~~[m[K
In file included from [01m[K/home/dale/Documents/isam2/iSAM2_SLAM/workspace/src/isam2/isam2Node.cpp:14[m[K:
[01m[K/home/dale/Documents/isam2/iSAM2_SLAM/workspace/src/isam2/isam2.cpp:128:15:[m[K [01;35m[Kwarning: [m[Kuse of â€˜[01m[Kauto[m[Kâ€™ in parameter declaration only available with â€˜[01m[K-fconcepts[m[Kâ€™
  128 |     void step([01;35m[Kauto[m[K logger, gtsam::Pose2 global_odom, std::vector<Point2> &cone_obs) {
      |               [01;35m[K^~~~[m[K
In file included from [01m[K/opt/ros/foxy/include/rclcpp/client.hpp:40[m[K,
                 from [01m[K/opt/ros/foxy/include/rclcpp/callback_group.hpp:23[m[K,
                 from [01m[K/opt/ros/foxy/include/rclcpp/any_executable.hpp:20[m[K,
                 from [01m[K/opt/ros/foxy/include/rclcpp/memory_strategy.hpp:24[m[K,
                 from [01m[K/opt/ros/foxy/include/rclcpp/memory_strategies.hpp:18[m[K,
                 from [01m[K/opt/ros/foxy/include/rclcpp/executor_options.hpp:20[m[K,
                 from [01m[K/opt/ros/foxy/include/rclcpp/executor.hpp:33[m[K,
                 from [01m[K/opt/ros/foxy/include/rclcpp/executors/multi_threaded_executor.hpp:26[m[K,
                 from [01m[K/opt/ros/foxy/include/rclcpp/executors.hpp:21[m[K,
                 from [01m[K/opt/ros/foxy/include/rclcpp/rclcpp.hpp:146[m[K,
                 from [01m[K/home/dale/Documents/isam2/iSAM2_SLAM/workspace/src/isam2/isam2Node.cpp:3[m[K:
[01m[K/home/dale/Documents/isam2/iSAM2_SLAM/workspace/src/isam2/isam2Node.cpp:[m[K In member function â€˜[01m[Kvoid SLAMValidation::vehicle_state_callback(eufs_msgs::msg::CarState_<std::allocator<void> >::SharedPtr)[m[Kâ€™:
[01m[K/home/dale/Documents/isam2/iSAM2_SLAM/workspace/src/isam2/isam2Node.cpp:70:49:[m[K [01;31m[Kerror: [m[Kexpected â€˜[01m[K)[m[Kâ€™ before string constant
   70 |         RCLCPP_INFO(this->get_logger(), run_slam[01;31m[K"vehicle state\n"[m[K);
      |                                                 [01;31m[K^~~~~~~~~~~~~~~~~[m[K
[01m[K/home/dale/Documents/isam2/iSAM2_SLAM/workspace/src/isam2/isam2Node.cpp:70:9:[m[K [01;36m[Knote: [m[Kto match this â€˜[01m[K([m[Kâ€™
   70 |         [01;36m[KRCLCPP_INFO[m[K(this->get_logger(), run_slam"vehicle state\n");
      |         [01;36m[K^~~~~~~~~~~[m[K
[01m[K/home/dale/Documents/isam2/iSAM2_SLAM/workspace/src/isam2/isam2Node.cpp:70:41:[m[K [01;31m[Kerror: [m[Kinvalid use of non-static member function â€˜[01m[Kvoid SLAMValidation::run_slam()[m[Kâ€™
   70 |         RCLCPP_INFO(this->get_logger(), [01;31m[Krun_slam[m[K"vehicle state\n");
      |                                         [01;31m[K^~~~~~~~[m[K
[01m[K/home/dale/Documents/isam2/iSAM2_SLAM/workspace/src/isam2/isam2Node.cpp:83:10:[m[K [01;36m[Knote: [m[Kdeclared here
   83 |     void [01;36m[Krun_slam[m[K(){
      |          [01;36m[K^~~~~~~~[m[K
make[2]: *** [CMakeFiles/isam_test.dir/build.make:76: CMakeFiles/isam_test.dir/isam2Node.cpp.o] Error 1
make[1]: *** [CMakeFiles/Makefile2:137: CMakeFiles/isam_test.dir/all] Error 2
make: *** [Makefile:146: all] Error 2
