[01m[Kc++:[m[K [01;31m[Kerror: [m[KGTSAM: No such file or directory
make[2]: *** [CMakeFiles/isam_test.dir/build.make:157: isam_test] Error 1
make[1]: *** [CMakeFiles/Makefile2:78: CMakeFiles/isam_test.dir/all] Error 2
make: *** [Makefile:141: all] Error 2
