[35m[1mScanning dependencies of target isam_test[0m
[ 50%] [32mBuilding CXX object CMakeFiles/isam_test.dir/isam2Node.cpp.o[0m
In file included from [01m[K/home/andrewwhong/classes/16833/iSAM2_SLAM/workspace/src/isam2/isam2.cpp:29[m[K,
                 from [01m[K/home/andrewwhong/classes/16833/iSAM2_SLAM/workspace/src/isam2/isam2Node.cpp:14[m[K:
[01m[K/usr/local/include/gtsam/slam/BearingRangeFactor.h:18:2:[m[K [01;35m[Kwarning: [m[K#warning "BearingRangeFactor is now an ExpressionFactor in SAM directory" [[01;35m[K-Wcpp[m[K]
   18 | #[01;35m[Kwarning[m[K "BearingRangeFactor is now an ExpressionFactor in SAM directory"
      |  [01;35m[K^~~~~~~[m[K
[01m[K/home/andrewwhong/classes/16833/iSAM2_SLAM/workspace/src/isam2/isam2Node.cpp:54:46:[m[K [01;31m[Kerror: [m[Kâ€˜[01m[KConeArray[m[Kâ€™ in namespace â€˜[01m[Keufs_msgs::msg[m[Kâ€™ does not name a type
   54 |     void cone_callback(const eufs_msgs::msg::[01;31m[KConeArray[m[K::SharedPtr cone_data){
      |                                              [01;31m[K^~~~~~~~~[m[K
[01m[K/home/andrewwhong/classes/16833/iSAM2_SLAM/workspace/src/isam2/isam2Node.cpp:54:67:[m[K [01;31m[Kerror: [m[Kexpected unqualified-id before â€˜[01m[Kcone_data[m[Kâ€™
   54 |     void cone_callback(const eufs_msgs::msg::ConeArray::SharedPtr [01;31m[Kcone_data[m[K){
      |                                                                   [01;31m[K^~~~~~~~~[m[K
[01m[K/home/andrewwhong/classes/16833/iSAM2_SLAM/workspace/src/isam2/isam2Node.cpp:54:66:[m[K [01;31m[Kerror: [m[Kexpected â€˜[01m[K)[m[Kâ€™ before â€˜[01m[Kcone_data[m[Kâ€™
   54 |     void cone_callback[34m[K([m[Kconst eufs_msgs::msg::ConeArray::SharedPtr[01;31m[K [m[K[32m[Kcone_data[m[K){
      |                       [34m[K~[m[K                                          [01;31m[K^[m[K[32m[K~~~~~~~~~[m[K
      |                                                                  [32m[K)[m[K
[01m[K/home/andrewwhong/classes/16833/iSAM2_SLAM/workspace/src/isam2/isam2Node.cpp:54:57:[m[K [01;31m[Kerror: [m[Kexpected â€˜[01m[K;[m[Kâ€™ at end of member declaration
   54 |     void cone_callback(const eufs_msgs::msg::ConeArray::[01;31m[KSharedPtr[m[K cone_data){
      |                                                         [01;31m[K^~~~~~~~~[m[K
      |                                                                  [32m[K;[m[K
[01m[K/home/andrewwhong/classes/16833/iSAM2_SLAM/workspace/src/isam2/isam2Node.cpp:54:67:[m[K [01;31m[Kerror: [m[Kâ€˜[01m[Kcone_data[m[Kâ€™ does not name a type
   54 |     void cone_callback(const eufs_msgs::msg::ConeArray::SharedPtr [01;31m[Kcone_data[m[K){
      |                                                                   [01;31m[K^~~~~~~~~[m[K
[01m[K/home/andrewwhong/classes/16833/iSAM2_SLAM/workspace/src/isam2/isam2Node.cpp:98:42:[m[K [01;31m[Kerror: [m[Kâ€˜[01m[KConeArray[m[Kâ€™ is not a member of â€˜[01m[Keufs_msgs::msg[m[Kâ€™
   98 |     rclcpp::Subscription<eufs_msgs::msg::[01;31m[KConeArray[m[K>::SharedPtr cone_sub;
      |                                          [01;31m[K^~~~~~~~~[m[K
[01m[K/home/andrewwhong/classes/16833/iSAM2_SLAM/workspace/src/isam2/isam2Node.cpp:98:51:[m[K [01;31m[Kerror: [m[Ktemplate argument 1 is invalid
   98 |     rclcpp::Subscription<eufs_msgs::msg::ConeArray[01;31m[K>[m[K::SharedPtr cone_sub;
      |                                                   [01;31m[K^[m[K
[01m[K/home/andrewwhong/classes/16833/iSAM2_SLAM/workspace/src/isam2/isam2Node.cpp:98:51:[m[K [01;31m[Kerror: [m[Ktemplate argument 3 is invalid
[01m[K/home/andrewwhong/classes/16833/iSAM2_SLAM/workspace/src/isam2/isam2Node.cpp:98:54:[m[K [01;31m[Kerror: [m[Kexpected â€˜[01m[K;[m[Kâ€™ at end of member declaration
   98 |     rclcpp::Subscription<eufs_msgs::msg::ConeArray>::[01;31m[KSharedPtr[m[K cone_sub;
      |                                                      [01;31m[K^~~~~~~~~[m[K
      |                                                               [32m[K;[m[K
[01m[K/home/andrewwhong/classes/16833/iSAM2_SLAM/workspace/src/isam2/isam2Node.cpp:98:64:[m[K [01;31m[Kerror: [m[Kâ€˜[01m[Kcone_sub[m[Kâ€™ does not name a type
   98 |     rclcpp::Subscription<eufs_msgs::msg::ConeArray>::SharedPtr [01;31m[Kcone_sub[m[K;
      |                                                                [01;31m[K^~~~~~~~[m[K
[01m[K/home/andrewwhong/classes/16833/iSAM2_SLAM/workspace/src/isam2/isam2Node.cpp:[m[K In constructor â€˜[01m[KSLAMValidation::SLAMValidation()[m[Kâ€™:
[01m[K/home/andrewwhong/classes/16833/iSAM2_SLAM/workspace/src/isam2/isam2Node.cpp:47:7:[m[K [01;31m[Kerror: [m[Kâ€˜[01m[Kcone_sub[m[Kâ€™ was not declared in this scope; did you mean â€˜[01m[Kcones[m[Kâ€™?
   47 |       [01;31m[Kcone_sub[m[K = this->create_subscription<eufs_msgs::msg::ConeArray>(
      |       [01;31m[K^~~~~~~~[m[K
      |       [32m[Kcones[m[K
[01m[K/home/andrewwhong/classes/16833/iSAM2_SLAM/workspace/src/isam2/isam2Node.cpp:47:60:[m[K [01;31m[Kerror: [m[Kâ€˜[01m[KConeArray[m[Kâ€™ is not a member of â€˜[01m[Keufs_msgs::msg[m[Kâ€™
   47 |       cone_sub = this->create_subscription<eufs_msgs::msg::[01;31m[KConeArray[m[K>(
      |                                                            [01;31m[K^~~~~~~~~[m[K
[01m[K/home/andrewwhong/classes/16833/iSAM2_SLAM/workspace/src/isam2/isam2Node.cpp:48:79:[m[K [01;31m[Kerror: [m[Kno matching function for call to â€˜[01m[KSLAMValidation::create_subscription<<expression error> >(const char [7], int, std::_Bind_helper<false, void (SLAMValidation::*)(...), SLAMValidation*, const std::_Placeholder<1>&>::type)[m[Kâ€™
   48 |       CONE_DATA_TOPIC, 10, std::bind(&SLAMValidation::cone_callback, this, _1)[01;31m[K)[m[K;
      |                                                                               [01;31m[K^[m[K
In file included from [01m[K/opt/ros/foxy/include/rclcpp/executors/single_threaded_executor.hpp:28[m[K,
                 from [01m[K/opt/ros/foxy/include/rclcpp/executors.hpp:22[m[K,
                 from [01m[K/opt/ros/foxy/include/rclcpp/rclcpp.hpp:146[m[K,
                 from [01m[K/home/andrewwhong/classes/16833/iSAM2_SLAM/workspace/src/isam2/isam2Node.cpp:3[m[K:
[01m[K/opt/ros/foxy/include/rclcpp/node.hpp:213:3:[m[K [01;36m[Knote: [m[Kcandidate: â€˜[01m[Ktemplate<class MessageT, class CallbackT, class AllocatorT, class CallbackMessageT, class SubscriptionT, class MessageMemoryStrategyT> std::shared_ptr<SubscriptionT> rclcpp::Node::create_subscription(const string&, const rclcpp::QoS&, CallbackT&&, const rclcpp::SubscriptionOptionsWithAllocator<AllocatorT>&, typename MessageMemoryStrategyT::SharedPtr)[m[Kâ€™
  213 |   [01;36m[Kcreate_subscription[m[K(
      |   [01;36m[K^~~~~~~~~~~~~~~~~~~[m[K
[01m[K/opt/ros/foxy/include/rclcpp/node.hpp:213:3:[m[K [01;36m[Knote: [m[K  template argument deduction/substitution failed:
[01m[K/home/andrewwhong/classes/16833/iSAM2_SLAM/workspace/src/isam2/isam2Node.cpp:48:79:[m[K [01;31m[Kerror: [m[Ktemplate argument 1 is invalid
   48 |       CONE_DATA_TOPIC, 10, std::bind(&SLAMValidation::cone_callback, this, _1)[01;31m[K)[m[K;
      |                                                                               [01;31m[K^[m[K
make[2]: *** [CMakeFiles/isam_test.dir/build.make:63: CMakeFiles/isam_test.dir/isam2Node.cpp.o] Error 1
make[1]: *** [CMakeFiles/Makefile2:78: CMakeFiles/isam_test.dir/all] Error 2
make: *** [Makefile:141: all] Error 2
