[35m[1mScanning dependencies of target isam_test[0m
[ 50%] [32mBuilding CXX object CMakeFiles/isam_test.dir/isam2Node.cpp.o[0m
In file included from [01m[K/home/andrewwhong/classes/16833/iSAM2_SLAM/workspace/src/isam2/isam2.cpp:29[m[K,
                 from [01m[K/home/andrewwhong/classes/16833/iSAM2_SLAM/workspace/src/isam2/isam2Node.cpp:14[m[K:
[01m[K/usr/local/include/gtsam/slam/BearingRangeFactor.h:18:2:[m[K [01;35m[Kwarning: [m[K#warning "BearingRangeFactor is now an ExpressionFactor in SAM directory" [[01;35m[K-Wcpp[m[K]
   18 | #[01;35m[Kwarning[m[K "BearingRangeFactor is now an ExpressionFactor in SAM directory"
      |  [01;35m[K^~~~~~~[m[K
In file included from [01m[K/home/andrewwhong/classes/16833/iSAM2_SLAM/workspace/src/isam2/isam2Node.cpp:14[m[K:
[01m[K/home/andrewwhong/classes/16833/iSAM2_SLAM/workspace/src/isam2/isam2.cpp:[m[K In constructor â€˜[01m[KslamISAM::slamISAM()[m[Kâ€™:
[01m[K/home/andrewwhong/classes/16833/iSAM2_SLAM/workspace/src/isam2/isam2.cpp:93:9:[m[K [01;31m[Kerror: [m[Kâ€˜[01m[KOptimizationParams[m[Kâ€™ was not declared in this scope
   93 |         [01;31m[KOptimizationParams[m[K optParams = ISAM2DoglegParams();
      |         [01;31m[K^~~~~~~~~~~~~~~~~~[m[K
[01m[K/home/andrewwhong/classes/16833/iSAM2_SLAM/workspace/src/isam2/isam2.cpp:94:42:[m[K [01;31m[Kerror: [m[Kâ€˜[01m[KoptParams[m[Kâ€™ was not declared in this scope
   94 |         parameters.setOptimizationParams([01;31m[KoptParams[m[K);
      |                                          [01;31m[K^~~~~~~~~[m[K
make[2]: *** [CMakeFiles/isam_test.dir/build.make:63: CMakeFiles/isam_test.dir/isam2Node.cpp.o] Error 1
make[1]: *** [CMakeFiles/Makefile2:78: CMakeFiles/isam_test.dir/all] Error 2
make: *** [Makefile:141: all] Error 2
